g-0-2
Sun 02 Oct 2022 08:44:59 PM CDT
Clipping input data to the valid range for imshow with RGB data ([0..1] for floats or [0..255] for integers).
Clipping input data to the valid range for imshow with RGB data ([0..1] for floats or [0..255] for integers).
/home/est_posgrado_alejandro.lemus/DL2/Tarea2/cycleGAN.py:394: RuntimeWarning: More than 20 figures have been opened. Figures created through the pyplot interface (`matplotlib.pyplot.figure`) are retained until explicitly closed and may consume too much memory. (To control this warning, see the rcParam `figure.max_open_warning`).
  plt.figure(figsize=(12,12))
Number of training files: 25000
Number of dogs: 12500
Number of cats: 12500
Output dimensions(1, 256, 256, 3)
........................................Time taken for epoch 1 is 758.6040649414062 sec

........................................Time taken for epoch 2 is 754.7338461875916 sec

........................................Time taken for epoch 3 is 758.1149604320526 sec

........................................Time taken for epoch 4 is 758.5062532424927 sec

........................................Time taken for epoch 5 is 757.8551325798035 sec

........................................Time taken for epoch 6 is 750.8209066390991 sec

........................................Time taken for epoch 7 is 752.2278273105621 sec

........................................Time taken for epoch 8 is 753.2402484416962 sec

........................................Time taken for epoch 9 is 754.5617954730988 sec

........................................Saving checkpoint for epoch 10 at ./checkpoints/train/ckpt-1
Time taken for epoch 10 is 771.6967377662659 sec

........................................Time taken for epoch 11 is 747.3942420482635 sec

........................................Time taken for epoch 12 is 754.1144428253174 sec

........................................Time taken for epoch 13 is 756.4108011722565 sec

........................................Time taken for epoch 14 is 756.1868283748627 sec

........................................Time taken for epoch 15 is 756.3725836277008 sec

........................................Time taken for epoch 16 is 751.5978157520294 sec

........................................Time taken for epoch 17 is 750.5479936599731 sec

........................................Time taken for epoch 18 is 750.3135571479797 sec

........................................Time taken for epoch 19 is 749.8138995170593 sec

........................................Saving checkpoint for epoch 20 at ./checkpoints/train/ckpt-2
Time taken for epoch 20 is 782.7112426757812 sec

Mon 03 Oct 2022 12:58:06 AM CDT
